2023-11-25 16:41:23,647 - kedro.framework.session.session - INFO - Kedro project spotify
2023-11-25 16:41:56,216 - kedro.framework.session.session - INFO - Kedro project spotify
2023-11-25 16:43:17,874 - kedro.framework.session.session - INFO - Kedro project spotify
2023-11-25 16:43:18,887 - py.warnings - WARNING - /Users/lucas/anaconda3/lib/python3.11/site-packages/lazy_loader/__init__.py:77: KedroDeprecationWarning: 'ParquetDataSet' has been renamed to 'ParquetDataset', and the alias will be removed in Kedro-Datasets 2.0.0
  attr = getattr(submod, name)

2023-11-25 16:43:18,891 - kedro.io.data_catalog - INFO - Loading data from 'songs' (CSVDataset)...
2023-11-25 16:43:18,916 - kedro.pipeline.node - INFO - Running node: first_process_songs_node: first_process_songs([songs]) -> [songs_first_processed]
2023-11-25 16:43:18,951 - kedro.io.data_catalog - INFO - Saving data to 'songs_first_processed' (ParquetDataset)...
2023-11-25 16:43:18,993 - kedro.runner.sequential_runner - INFO - Completed 1 out of 7 tasks
2023-11-25 16:43:18,993 - kedro.io.data_catalog - INFO - Loading data from 'songs_first_processed' (ParquetDataset)...
2023-11-25 16:43:20,196 - kedro.pipeline.node - INFO - Running node: create_model_input_table_node: create_model_input_table([songs_first_processed]) -> [model_input_table]
2023-11-25 16:43:20,256 - kedro.io.data_catalog - INFO - Saving data to 'model_input_table' (ParquetDataset)...
2023-11-25 16:43:20,347 - kedro.runner.sequential_runner - INFO - Completed 2 out of 7 tasks
2023-11-25 16:43:20,347 - kedro.io.data_catalog - INFO - Loading data from 'model_input_table' (ParquetDataset)...
2023-11-25 16:43:20,395 - kedro.io.data_catalog - INFO - Loading data from 'params:model_options' (MemoryDataset)...
2023-11-25 16:43:20,409 - kedro.pipeline.node - INFO - Running node: split_data_node: split_data([model_input_table,params:model_options]) -> [X_train,X_test,y_train,y_test]
2023-11-25 16:43:20,476 - kedro.io.data_catalog - INFO - Saving data to 'X_train' (MemoryDataset)...
2023-11-25 16:43:20,504 - kedro.io.data_catalog - INFO - Saving data to 'X_test' (MemoryDataset)...
2023-11-25 16:43:20,518 - kedro.io.data_catalog - INFO - Saving data to 'y_train' (MemoryDataset)...
2023-11-25 16:43:20,519 - kedro.io.data_catalog - INFO - Saving data to 'y_test' (MemoryDataset)...
2023-11-25 16:43:20,520 - kedro.runner.sequential_runner - INFO - Completed 3 out of 7 tasks
2023-11-25 16:43:20,520 - kedro.io.data_catalog - INFO - Loading data from 'X_train' (MemoryDataset)...
2023-11-25 16:43:20,535 - kedro.io.data_catalog - INFO - Loading data from 'y_train' (MemoryDataset)...
2023-11-25 16:43:20,549 - kedro.pipeline.node - INFO - Running node: scale_data_node: scale_data([X_train,y_train]) -> [X_train_scaled,y_train_scaled,scaler_x,scaler_y]
2023-11-25 16:43:20,593 - kedro.io.data_catalog - INFO - Saving data to 'X_train_scaled' (MemoryDataset)...
2023-11-25 16:43:20,598 - kedro.io.data_catalog - INFO - Saving data to 'y_train_scaled' (MemoryDataset)...
2023-11-25 16:43:20,599 - kedro.io.data_catalog - INFO - Saving data to 'scaler_x' (MemoryDataset)...
2023-11-25 16:43:20,600 - kedro.io.data_catalog - INFO - Saving data to 'scaler_y' (MemoryDataset)...
2023-11-25 16:43:20,601 - kedro.runner.sequential_runner - INFO - Completed 4 out of 7 tasks
2023-11-25 16:43:20,601 - kedro.io.data_catalog - INFO - Loading data from 'X_test' (MemoryDataset)...
2023-11-25 16:43:20,616 - kedro.io.data_catalog - INFO - Loading data from 'y_test' (MemoryDataset)...
2023-11-25 16:43:20,616 - kedro.io.data_catalog - INFO - Loading data from 'scaler_x' (MemoryDataset)...
2023-11-25 16:43:20,617 - kedro.io.data_catalog - INFO - Loading data from 'scaler_y' (MemoryDataset)...
2023-11-25 16:43:20,631 - kedro.pipeline.node - INFO - Running node: scaler_test_node: scaler_test([X_test,y_test,scaler_x,scaler_y]) -> [X_test_scaled,y_test_scaled]
2023-11-25 16:43:20,650 - kedro.io.data_catalog - INFO - Saving data to 'X_test_scaled' (MemoryDataset)...
2023-11-25 16:43:20,653 - kedro.io.data_catalog - INFO - Saving data to 'y_test_scaled' (MemoryDataset)...
2023-11-25 16:43:20,687 - kedro.runner.sequential_runner - INFO - Completed 5 out of 7 tasks
2023-11-25 16:43:20,688 - kedro.io.data_catalog - INFO - Loading data from 'X_train_scaled' (MemoryDataset)...
2023-11-25 16:43:20,690 - kedro.io.data_catalog - INFO - Loading data from 'y_train_scaled' (MemoryDataset)...
2023-11-25 16:43:20,691 - kedro.io.data_catalog - INFO - Loading data from 'params:model_options' (MemoryDataset)...
2023-11-25 16:43:20,691 - kedro.pipeline.node - INFO - Running node: train_model_node: train_model([X_train_scaled,y_train_scaled,params:model_options]) -> [regressor]
2023-11-25 16:43:22,067 - kedro.io.data_catalog - INFO - Saving data to 'regressor' (PickleDataset)...
2023-11-25 16:43:22,070 - kedro.runner.sequential_runner - INFO - Completed 6 out of 7 tasks
2023-11-25 16:43:22,071 - kedro.io.data_catalog - INFO - Loading data from 'regressor' (PickleDataset)...
2023-11-25 16:43:22,072 - kedro.io.data_catalog - INFO - Loading data from 'X_test_scaled' (MemoryDataset)...
2023-11-25 16:43:22,073 - kedro.io.data_catalog - INFO - Loading data from 'y_test_scaled' (MemoryDataset)...
2023-11-25 16:43:22,077 - kedro.pipeline.node - INFO - Running node: evaluate_model_node: evaluate_model([regressor,X_test_scaled,y_test_scaled]) -> None
2023-11-25 16:43:22,078 - spotify.pipelines.data_modeling.nodes - INFO - Model has a coefficient R^2 of 0.648 and MSE of 0.358 on test data
2023-11-25 16:43:22,082 - kedro.runner.sequential_runner - INFO - Completed 7 out of 7 tasks
2023-11-25 16:43:22,083 - kedro.runner.sequential_runner - INFO - Pipeline execution completed successfully.
2023-11-25 16:43:45,223 - py.warnings - WARNING - /Users/lucas/anaconda3/lib/python3.11/site-packages/lazy_loader/__init__.py:77: KedroDeprecationWarning: 'ParquetDataSet' has been renamed to 'ParquetDataset', and the alias will be removed in Kedro-Datasets 2.0.0
  attr = getattr(submod, name)

